[23:12:43] [main/INFO]: Loaded 0 recipes
[23:12:43] [Server thread/INFO]: Starting minecraft server version 1.13.2
[23:12:43] [Server thread/INFO]: Loading properties
[23:12:43] [Server thread/INFO]: Default game type: SURVIVAL
[23:12:43] [Server thread/INFO]: Generating keypair
[23:12:43] [Server thread/INFO]: Starting Minecraft server on *:25565
[23:12:43] [Server thread/INFO]: Using default channel type
[23:12:44] [Server thread/INFO]: This server is running CraftBukkit version git-Bukkit-3359cb1 (MC: 1.13.2) (Implementing API version 1.13.2-R0.1-SNAPSHOT)
[23:12:44] [Server thread/INFO]: Preparing level "worldOG"
[23:12:44] [Server thread/INFO]: Found new data pack file/bukkit, loading it automatically
[23:12:44] [Server thread/INFO]: Reloading ResourceManager: Default, bukkit
[23:12:46] [Server thread/INFO]: Loaded 524 recipes
[23:12:47] [Server thread/INFO]: ---- Migration of old nether folder required ----
[23:12:47] [Server thread/INFO]: Unfortunately due to the way that Minecraft implemented multiworld support in 1.6, Bukkit requires that you move your nether folder to a new location in order to operate correctly.
[23:12:47] [Server thread/INFO]: We will move this folder for you, but it will mean that you need to move it back should you wish to stop using Bukkit in the future.
[23:12:47] [Server thread/INFO]: Attempting to move worldOG\DIM-1 to worldOG_nether\DIM-1...
[23:12:47] [Server thread/INFO]: Success! To restore nether in the future, simply move worldOG_nether\DIM-1 to worldOG\DIM-1
[23:12:47] [Server thread/INFO]: ---- Migration of old nether folder complete ----
[23:12:47] [Server thread/INFO]: ---- Migration of old the_end folder required ----
[23:12:47] [Server thread/INFO]: Unfortunately due to the way that Minecraft implemented multiworld support in 1.6, Bukkit requires that you move your the_end folder to a new location in order to operate correctly.
[23:12:47] [Server thread/INFO]: We will move this folder for you, but it will mean that you need to move it back should you wish to stop using Bukkit in the future.
[23:12:47] [Server thread/INFO]: Attempting to move worldOG\DIM1 to worldOG_the_end\DIM1...
[23:12:47] [Server thread/INFO]: Success! To restore the_end in the future, simply move worldOG_the_end\DIM1 to worldOG\DIM1
[23:12:47] [Server thread/INFO]: ---- Migration of old the_end folder complete ----
[23:12:47] [Server thread/INFO]: Preparing start region for level minecraft:the_nether (Seed: 5666564449782299276)
[23:12:47] [Server thread/INFO]: Preparing spawn area: 4%
[23:12:47] [Server thread/INFO]: Preparing spawn area: 8%
[23:12:47] [Server thread/INFO]: Preparing spawn area: 12%
[23:12:47] [Server thread/INFO]: Preparing spawn area: 16%
[23:12:47] [Server thread/INFO]: Preparing spawn area: 20%
[23:12:47] [Server thread/INFO]: Preparing spawn area: 24%
[23:12:47] [Server thread/INFO]: Preparing spawn area: 28%
[23:12:47] [Server thread/INFO]: Preparing spawn area: 32%
[23:12:47] [Server thread/INFO]: Preparing spawn area: 36%
[23:12:47] [Server thread/INFO]: Preparing spawn area: 40%
[23:12:48] [Server thread/INFO]: Preparing spawn area: 44%
[23:12:49] [Server thread/INFO]: Preparing spawn area: 48%
[23:12:50] [Server thread/INFO]: Preparing spawn area: 52%
[23:12:51] [Server thread/INFO]: Preparing spawn area: 56%
[23:12:51] [Server thread/INFO]: Preparing spawn area: 60%
[23:12:52] [Server thread/INFO]: Preparing spawn area: 64%
[23:12:52] [Server thread/INFO]: Preparing spawn area: 68%
[23:12:53] [Server thread/INFO]: Preparing spawn area: 72%
[23:12:54] [Server thread/INFO]: Preparing spawn area: 76%
[23:12:55] [Server thread/INFO]: Preparing spawn area: 80%
[23:12:55] [Server thread/INFO]: Preparing spawn area: 84%
[23:12:56] [Server thread/INFO]: Preparing spawn area: 88%
[23:12:58] [Server thread/INFO]: Preparing spawn area: 92%
[23:12:58] [Server thread/INFO]: Preparing spawn area: 96%
[23:12:58] [Server thread/INFO]: Preparing spawn area: 100%
[23:12:58] [Server thread/INFO]: Preparing start region for level minecraft:the_end (Seed: 5666564449782299276)
[23:12:59] [Server thread/INFO]: Preparing spawn area: 4%
[23:12:59] [Server thread/INFO]: Preparing spawn area: 8%
[23:12:59] [Server thread/INFO]: Preparing spawn area: 12%
[23:12:59] [Server thread/INFO]: Preparing spawn area: 16%
[23:12:59] [Server thread/INFO]: Preparing spawn area: 20%
[23:12:59] [Server thread/INFO]: Preparing spawn area: 24%
[23:12:59] [Server thread/INFO]: Preparing spawn area: 28%
[23:12:59] [Server thread/INFO]: Preparing spawn area: 32%
[23:12:59] [Server thread/INFO]: Preparing spawn area: 36%
[23:12:59] [Server thread/INFO]: Preparing spawn area: 40%
[23:12:59] [Server thread/INFO]: Preparing spawn area: 44%
[23:12:59] [Server thread/INFO]: Preparing spawn area: 48%
[23:12:59] [Server thread/INFO]: Preparing spawn area: 52%
[23:12:59] [Server thread/INFO]: Preparing spawn area: 56%
[23:12:59] [Server thread/INFO]: Preparing spawn area: 60%
[23:12:59] [Server thread/INFO]: Preparing spawn area: 64%
[23:12:59] [Server thread/INFO]: Preparing spawn area: 68%
[23:12:59] [Server thread/INFO]: Preparing spawn area: 72%
[23:12:59] [Server thread/INFO]: Preparing spawn area: 76%
[23:12:59] [Server thread/INFO]: Preparing spawn area: 80%
[23:12:59] [Server thread/INFO]: Preparing spawn area: 84%
[23:12:59] [Server thread/INFO]: Preparing spawn area: 88%
[23:13:00] [Server thread/INFO]: Preparing spawn area: 92%
[23:13:00] [Server thread/INFO]: Preparing spawn area: 96%
[23:13:00] [Server thread/INFO]: Preparing spawn area: 100%
[23:13:00] [Server thread/INFO]: Preparing start region for level minecraft:overworld (Seed: 5666564449782299276)
[23:13:00] [Server thread/INFO]: Preparing spawn area: 4%
[23:13:00] [Server thread/INFO]: Preparing spawn area: 8%
[23:13:00] [Server thread/INFO]: Preparing spawn area: 12%
[23:13:00] [Server thread/INFO]: Preparing spawn area: 16%
[23:13:00] [Server thread/INFO]: Preparing spawn area: 20%
[23:13:00] [Server thread/INFO]: Preparing spawn area: 24%
[23:13:00] [Server thread/INFO]: Preparing spawn area: 28%
[23:13:00] [Server thread/INFO]: Preparing spawn area: 32%
[23:13:00] [Server thread/INFO]: Preparing spawn area: 36%
[23:13:00] [Server thread/INFO]: Preparing spawn area: 40%
[23:13:00] [Server thread/INFO]: Preparing spawn area: 44%
[23:13:00] [Server thread/INFO]: Preparing spawn area: 48%
[23:13:00] [Server thread/INFO]: Preparing spawn area: 52%
[23:13:00] [Server thread/INFO]: Preparing spawn area: 56%
[23:13:00] [Server thread/INFO]: Preparing spawn area: 60%
[23:13:00] [Server thread/INFO]: Preparing spawn area: 64%
[23:13:00] [Server thread/INFO]: Preparing spawn area: 68%
[23:13:00] [Server thread/INFO]: Preparing spawn area: 72%
[23:13:00] [Server thread/INFO]: Preparing spawn area: 76%
[23:13:00] [Server thread/INFO]: Preparing spawn area: 80%
[23:13:00] [Server thread/INFO]: Preparing spawn area: 84%
[23:13:00] [Server thread/INFO]: Preparing spawn area: 88%
[23:13:00] [Server thread/INFO]: Preparing spawn area: 92%
[23:13:00] [Server thread/INFO]: Preparing spawn area: 96%
[23:13:00] [Server thread/INFO]: Preparing spawn area: 100%
[23:13:00] [Server thread/INFO]: Time elapsed: 13493 ms
[23:13:00] [Server thread/INFO]: Server permissions file permissions.yml is empty, ignoring it
[23:13:00] [Server thread/INFO]: Done (16.135s)! For help, type "help"
[23:13:03] [Server thread/WARN]: Can't keep up! Is the server overloaded? Running 2117ms or 42 ticks behind
[23:13:26] [User Authenticator #1/INFO]: UUID of player alpertheBuilder is 4aac7974-e095-49ee-b8e1-220bd582bda8
[23:13:26] [Server thread/INFO]: alpertheBuilder[/192.168.1.240:64661] logged in with entity id 286 at ([worldOG]269.4813015261709, 84.0, 123.40664301865408)
[23:13:33] [Server thread/INFO]: alpertheBuilder issued server command: /help
[23:13:36] [Server thread/INFO]: alpertheBuilder issued server command: /plugins
[23:13:44] [Server thread/INFO]: alpertheBuilder issued server command: /bukkit:?
[23:13:57] [Server thread/INFO]: alpertheBuilder lost connection: Disconnected
[23:13:57] [Server thread/INFO]: alpertheBuilder left the game
[23:14:00] [Server thread/INFO]: Stopping the server
[23:14:00] [Server thread/INFO]: Stopping server
[23:14:00] [Server thread/INFO]: Saving players
[23:14:00] [Server thread/INFO]: Saving worlds
[23:14:00] [Server thread/INFO]: Saving chunks for level 'worldOG_nether'/minecraft:the_nether
[23:14:00] [Server thread/INFO]: Saving chunks for level 'worldOG_the_end'/minecraft:the_end
[23:14:00] [Server thread/INFO]: Saving chunks for level 'worldOG'/minecraft:overworld
